build/app/intermediates/manifest_merge_blame_file/release/manifest-merger-blame-release-report.txt
1<?xml version="1.0" encoding="utf-8"?>
2<manifest xmlns:android="http://schemas.android.com/apk/res/android"
3    package="com.vinci.vinci"
4    android:versionCode="1"
5    android:versionName="1.0.0" >
6
7    <uses-sdk
8        android:minSdkVersion="24"
9        android:targetSdkVersion="36" />
10    <!-- Photo library access -->
11    <uses-permission android:name="android.permission.READ_MEDIA_IMAGES" />
11-->src/main/AndroidManifest.xml:3:5-75
11-->src/main/AndroidManifest.xml:3:22-73
12    <uses-permission
12-->src/main/AndroidManifest.xml:4:5-106
13        android:name="android.permission.READ_EXTERNAL_STORAGE"
13-->src/main/AndroidManifest.xml:4:22-77
14        android:maxSdkVersion="32" />
14-->src/main/AndroidManifest.xml:4:78-104
15    <!-- For photo_manager on Android 13+ -->
16    <uses-permission android:name="android.permission.READ_MEDIA_VIDEO" />
16-->src/main/AndroidManifest.xml:6:5-75
16-->src/main/AndroidManifest.xml:6:22-72
17    <!-- For android_intent_plus gallery opens -->
18    <uses-permission android:name="android.permission.VIEW_LOCAL_CONTENT" />
18-->src/main/AndroidManifest.xml:8:5-77
18-->src/main/AndroidManifest.xml:8:22-74
19    <!--
20         Required to query activities that can process text, see:
21         https://developer.android.com/training/package-visibility and
22         https://developer.android.com/reference/android/content/Intent#ACTION_PROCESS_TEXT.
23
24         In particular, this is used by the Flutter engine in io.flutter.plugin.text.ProcessTextPlugin.
25    -->
26    <queries>
26-->src/main/AndroidManifest.xml:47:5-52:15
27        <intent>
27-->src/main/AndroidManifest.xml:48:9-51:18
28            <action android:name="android.intent.action.PROCESS_TEXT" />
28-->src/main/AndroidManifest.xml:49:13-72
28-->src/main/AndroidManifest.xml:49:21-70
29
30            <data android:mimeType="text/plain" />
30-->src/main/AndroidManifest.xml:50:13-50
30-->src/main/AndroidManifest.xml:50:19-48
31        </intent>
32    </queries>
33
34    <permission
34-->[androidx.core:core:1.13.1] AndroidManifest.xml:22:5-24:47
35        android:name="com.vinci.vinci.DYNAMIC_RECEIVER_NOT_EXPORTED_PERMISSION"
35-->[androidx.core:core:1.13.1] AndroidManifest.xml:23:9-81
36        android:protectionLevel="signature" />
36-->[androidx.core:core:1.13.1] AndroidManifest.xml:24:9-44
37
38    <uses-permission android:name="com.vinci.vinci.DYNAMIC_RECEIVER_NOT_EXPORTED_PERMISSION" />
38-->[androidx.core:core:1.13.1] AndroidManifest.xml:26:5-97
38-->[androidx.core:core:1.13.1] AndroidManifest.xml:26:22-94
39
40    <application
41        android:name="android.app.Application"
41-->src/main/AndroidManifest.xml:12:9-42
42        android:appComponentFactory="androidx.core.app.CoreComponentFactory"
42-->[androidx.core:core:1.13.1] AndroidManifest.xml:28:18-86
43        android:extractNativeLibs="false"
44        android:icon="@mipmap/ic_launcher"
44-->src/main/AndroidManifest.xml:13:9-43
45        android:label="vinci" >
45-->src/main/AndroidManifest.xml:11:9-30
46        <activity
46-->src/main/AndroidManifest.xml:14:9-35:20
47            android:name="com.vinci.vinci.MainActivity"
47-->src/main/AndroidManifest.xml:15:13-41
48            android:configChanges="orientation|keyboardHidden|keyboard|screenSize|smallestScreenSize|locale|layoutDirection|fontScale|screenLayout|density|uiMode"
48-->src/main/AndroidManifest.xml:20:13-163
49            android:exported="true"
49-->src/main/AndroidManifest.xml:16:13-36
50            android:hardwareAccelerated="true"
50-->src/main/AndroidManifest.xml:21:13-47
51            android:launchMode="singleTop"
51-->src/main/AndroidManifest.xml:17:13-43
52            android:taskAffinity=""
52-->src/main/AndroidManifest.xml:18:13-36
53            android:theme="@style/LaunchTheme"
53-->src/main/AndroidManifest.xml:19:13-47
54            android:windowSoftInputMode="adjustResize" >
54-->src/main/AndroidManifest.xml:22:13-55
55
56            <!--
57                 Specifies an Android theme to apply to this Activity as soon as
58                 the Android process has started. This theme is visible to the user
59                 while the Flutter UI initializes. After that, this theme continues
60                 to determine the Window background behind the Flutter UI.
61            -->
62            <meta-data
62-->src/main/AndroidManifest.xml:27:13-30:17
63                android:name="io.flutter.embedding.android.NormalTheme"
63-->src/main/AndroidManifest.xml:28:15-70
64                android:resource="@style/NormalTheme" />
64-->src/main/AndroidManifest.xml:29:15-52
65
66            <intent-filter>
66-->src/main/AndroidManifest.xml:31:13-34:29
67                <action android:name="android.intent.action.MAIN" />
67-->src/main/AndroidManifest.xml:32:17-68
67-->src/main/AndroidManifest.xml:32:25-66
68
69                <category android:name="android.intent.category.LAUNCHER" />
69-->src/main/AndroidManifest.xml:33:17-76
69-->src/main/AndroidManifest.xml:33:27-74
70            </intent-filter>
71        </activity>
72        <!--
73             Don't delete the meta-data below.
74             This is used by the Flutter tool to generate GeneratedPluginRegistrant.java
75        -->
76        <meta-data
76-->src/main/AndroidManifest.xml:38:9-40:33
77            android:name="flutterEmbedding"
77-->src/main/AndroidManifest.xml:39:13-44
78            android:value="2" />
78-->src/main/AndroidManifest.xml:40:13-30
79        <!--
80           Declares a provider which allows us to store files to share in
81           '.../caches/share_plus' and grant the receiving action access
82        -->
83        <provider
83-->[:share_plus] AndroidManifest.xml:13:9-21:20
84            android:name="dev.fluttercommunity.plus.share.ShareFileProvider"
84-->[:share_plus] AndroidManifest.xml:14:13-77
85            android:authorities="com.vinci.vinci.flutter.share_provider"
85-->[:share_plus] AndroidManifest.xml:15:13-74
86            android:exported="false"
86-->[:share_plus] AndroidManifest.xml:16:13-37
87            android:grantUriPermissions="true" >
87-->[:share_plus] AndroidManifest.xml:17:13-47
88            <meta-data
88-->[:share_plus] AndroidManifest.xml:18:13-20:68
89                android:name="android.support.FILE_PROVIDER_PATHS"
89-->[:share_plus] AndroidManifest.xml:19:17-67
90                android:resource="@xml/flutter_share_file_paths" />
90-->[:share_plus] AndroidManifest.xml:20:17-65
91        </provider>
92        <!--
93           This manifest declared broadcast receiver allows us to use an explicit
94           Intent when creating a PendingItent to be informed of the user's choice
95        -->
96        <receiver
96-->[:share_plus] AndroidManifest.xml:26:9-32:20
97            android:name="dev.fluttercommunity.plus.share.SharePlusPendingIntent"
97-->[:share_plus] AndroidManifest.xml:27:13-82
98            android:exported="false" >
98-->[:share_plus] AndroidManifest.xml:28:13-37
99            <intent-filter>
99-->[:share_plus] AndroidManifest.xml:29:13-31:29
100                <action android:name="EXTRA_CHOSEN_COMPONENT" />
100-->[:share_plus] AndroidManifest.xml:30:17-65
100-->[:share_plus] AndroidManifest.xml:30:25-62
101            </intent-filter>
102        </receiver>
103
104        <activity
104-->[:url_launcher_android] AndroidManifest.xml:8:9-11:74
105            android:name="io.flutter.plugins.urllauncher.WebViewActivity"
105-->[:url_launcher_android] AndroidManifest.xml:9:13-74
106            android:exported="false"
106-->[:url_launcher_android] AndroidManifest.xml:10:13-37
107            android:theme="@android:style/Theme.NoTitleBar.Fullscreen" />
107-->[:url_launcher_android] AndroidManifest.xml:11:13-71
108
109        <uses-library
109-->[androidx.window:window:1.2.0] AndroidManifest.xml:23:9-25:40
110            android:name="androidx.window.extensions"
110-->[androidx.window:window:1.2.0] AndroidManifest.xml:24:13-54
111            android:required="false" />
111-->[androidx.window:window:1.2.0] AndroidManifest.xml:25:13-37
112        <uses-library
112-->[androidx.window:window:1.2.0] AndroidManifest.xml:26:9-28:40
113            android:name="androidx.window.sidecar"
113-->[androidx.window:window:1.2.0] AndroidManifest.xml:27:13-51
114            android:required="false" />
114-->[androidx.window:window:1.2.0] AndroidManifest.xml:28:13-37
115
116        <provider
116-->[androidx.lifecycle:lifecycle-process:2.7.0] AndroidManifest.xml:24:9-32:20
117            android:name="androidx.startup.InitializationProvider"
117-->[androidx.lifecycle:lifecycle-process:2.7.0] AndroidManifest.xml:25:13-67
118            android:authorities="com.vinci.vinci.androidx-startup"
118-->[androidx.lifecycle:lifecycle-process:2.7.0] AndroidManifest.xml:26:13-68
119            android:exported="false" >
119-->[androidx.lifecycle:lifecycle-process:2.7.0] AndroidManifest.xml:27:13-37
120            <meta-data
120-->[androidx.lifecycle:lifecycle-process:2.7.0] AndroidManifest.xml:29:13-31:52
121                android:name="androidx.lifecycle.ProcessLifecycleInitializer"
121-->[androidx.lifecycle:lifecycle-process:2.7.0] AndroidManifest.xml:30:17-78
122                android:value="androidx.startup" />
122-->[androidx.lifecycle:lifecycle-process:2.7.0] AndroidManifest.xml:31:17-49
123            <meta-data
123-->[androidx.profileinstaller:profileinstaller:1.3.1] AndroidManifest.xml:29:13-31:52
124                android:name="androidx.profileinstaller.ProfileInstallerInitializer"
124-->[androidx.profileinstaller:profileinstaller:1.3.1] AndroidManifest.xml:30:17-85
125                android:value="androidx.startup" />
125-->[androidx.profileinstaller:profileinstaller:1.3.1] AndroidManifest.xml:31:17-49
126        </provider>
127
128        <receiver
128-->[androidx.profileinstaller:profileinstaller:1.3.1] AndroidManifest.xml:34:9-52:20
129            android:name="androidx.profileinstaller.ProfileInstallReceiver"
129-->[androidx.profileinstaller:profileinstaller:1.3.1] AndroidManifest.xml:35:13-76
130            android:directBootAware="false"
130-->[androidx.profileinstaller:profileinstaller:1.3.1] AndroidManifest.xml:36:13-44
131            android:enabled="true"
131-->[androidx.profileinstaller:profileinstaller:1.3.1] AndroidManifest.xml:37:13-35
132            android:exported="true"
132-->[androidx.profileinstaller:profileinstaller:1.3.1] AndroidManifest.xml:38:13-36
133            android:permission="android.permission.DUMP" >
133-->[androidx.profileinstaller:profileinstaller:1.3.1] AndroidManifest.xml:39:13-57
134            <intent-filter>
134-->[androidx.profileinstaller:profileinstaller:1.3.1] AndroidManifest.xml:40:13-42:29
135                <action android:name="androidx.profileinstaller.action.INSTALL_PROFILE" />
135-->[androidx.profileinstaller:profileinstaller:1.3.1] AndroidManifest.xml:41:17-91
135-->[androidx.profileinstaller:profileinstaller:1.3.1] AndroidManifest.xml:41:25-88
136            </intent-filter>
137            <intent-filter>
137-->[androidx.profileinstaller:profileinstaller:1.3.1] AndroidManifest.xml:43:13-45:29
138                <action android:name="androidx.profileinstaller.action.SKIP_FILE" />
138-->[androidx.profileinstaller:profileinstaller:1.3.1] AndroidManifest.xml:44:17-85
138-->[androidx.profileinstaller:profileinstaller:1.3.1] AndroidManifest.xml:44:25-82
139            </intent-filter>
140            <intent-filter>
140-->[androidx.profileinstaller:profileinstaller:1.3.1] AndroidManifest.xml:46:13-48:29
141                <action android:name="androidx.profileinstaller.action.SAVE_PROFILE" />
141-->[androidx.profileinstaller:profileinstaller:1.3.1] AndroidManifest.xml:47:17-88
141-->[androidx.profileinstaller:profileinstaller:1.3.1] AndroidManifest.xml:47:25-85
142            </intent-filter>
143            <intent-filter>
143-->[androidx.profileinstaller:profileinstaller:1.3.1] AndroidManifest.xml:49:13-51:29
144                <action android:name="androidx.profileinstaller.action.BENCHMARK_OPERATION" />
144-->[androidx.profileinstaller:profileinstaller:1.3.1] AndroidManifest.xml:50:17-95
144-->[androidx.profileinstaller:profileinstaller:1.3.1] AndroidManifest.xml:50:25-92
145            </intent-filter>
146        </receiver>
147    </application>
148
149</manifest>